<?xml version="1.0" encoding="UTF-8"?>
<testsuite name="ATMServiceTest" tests="1" skipped="0" failures="0" errors="0" timestamp="2022-06-16T12:32:19" hostname="DANIEL" time="0.624">
  <properties/>
  <testcase name="should_notBeAbleToWithdraw_when_checkBalanceIsLowerThanAmount()" classname="ATMServiceTest" time="0.624"/>
  <system-out><![CDATA[]]></system-out>
  <system-err><![CDATA[]]></system-err>
</testsuite>
